<?xml version="1.0" encoding="UTF-8"?>
<!-- Generated by org.testng.reporters.JUnitReportReporter -->
<testsuite hostname="DESKTOP-41MJ5DA" failures="0" tests="1" name="testNG_xmlStudy.NeoStox4" time="0.008" errors="0" timestamp="2023-01-19T15:47:45 IST" skipped="0">
  <testcase classname="testNG_xmlStudy.NeoStox4" name="f" time="0.008"/>
  <system-out>
    <![CDATA[TC f is running]]>
  </system-out>
</testsuite> <!-- testNG_xmlStudy.NeoStox4 -->
