<?xml version="1.0" encoding="UTF-8"?>
<!-- Generated by org.testng.reporters.JUnitReportReporter -->
<testsuite hostname="DESKTOP-41MJ5DA" failures="0" tests="1" name="testNG_Annotations.NeoStoxUserIdValidation" time="0.016" errors="0" timestamp="2022-12-28T18:37:18 IST" skipped="0">
  <testcase classname="testNG_Annotations.NeoStoxUserIdValidation" name="validateUserName" time="0.016"/>
  <system-out>
    <![CDATA[Validating user name]]>
  </system-out>
</testsuite> <!-- testNG_Annotations.NeoStoxUserIdValidation -->
