<?xml version="1.0" encoding="UTF-8"?>
<!-- Generated by org.testng.reporters.JUnitReportReporter -->
<testsuite hostname="DESKTOP-41MJ5DA" failures="0" tests="2" name="TestNG_SerialParaller.MyTest2" time="191.760" errors="0" timestamp="2022-12-30T19:54:40 IST" skipped="0">
  <testcase classname="TestNG_SerialParaller.MyTest2" name="fb" time="95.795"/>
  <system-out/>
  <testcase classname="TestNG_SerialParaller.MyTest2" name="fb" time="95.965"/>
  <system-out/>
</testsuite> <!-- TestNG_SerialParaller.MyTest2 -->
