<?xml version="1.0" encoding="UTF-8"?>
<!-- Generated by org.testng.reporters.JUnitReportReporter -->
<testsuite hostname="DESKTOP-41MJ5DA" failures="0" tests="1" name="neoStoxPOMClassesUsingDDF.ValidateNeoStoxUserName" time="62.441" errors="0" timestamp="2023-01-08T18:01:29 IST" skipped="0">
  <testcase classname="neoStoxPOMClassesUsingDDF.ValidateNeoStoxUserName" name="validateUserName" time="62.441"/>
  <system-out>
    <![CDATA[Validating username]]>
  </system-out>
</testsuite> <!-- neoStoxPOMClassesUsingDDF.ValidateNeoStoxUserName -->
