<?xml version="1.0" encoding="UTF-8"?>
<!-- Generated by org.testng.reporters.JUnitReportReporter -->
<testsuite hostname="DESKTOP-41MJ5DA" failures="0" tests="5" name="testNG_KeyWords.Priority" time="0.031" errors="0" timestamp="2022-12-30T15:07:08 IST" skipped="0">
  <testcase classname="testNG_KeyWords.Priority" name="d" time="0.012"/>
  <system-out>
    <![CDATA[TC d is running]]>
  </system-out>
  <testcase classname="testNG_KeyWords.Priority" name="c" time="0.002"/>
  <system-out>
    <![CDATA[TC c is running]]>
  </system-out>
  <testcase classname="testNG_KeyWords.Priority" name="b" time="0.000"/>
  <system-out>
    <![CDATA[TC b is running]]>
  </system-out>
  <testcase classname="testNG_KeyWords.Priority" name="a" time="0.016"/>
  <system-out>
    <![CDATA[TC a is running]]>
  </system-out>
  <testcase classname="testNG_KeyWords.Priority" name="e" time="0.001"/>
  <system-out>
    <![CDATA[TC e is running]]>
  </system-out>
</testsuite> <!-- testNG_KeyWords.Priority -->
