<?xml version="1.0" encoding="UTF-8"?>
<!-- Generated by org.testng.reporters.JUnitReportReporter -->
<testsuite hostname="DESKTOP-41MJ5DA" failures="0" tests="1" name="verificationUsingTestNG.RadioButtonValidaton" time="26.367" errors="0" timestamp="2022-12-30T16:24:18 IST" skipped="0">
  <testcase classname="verificationUsingTestNG.RadioButtonValidaton" name="ValidateRadioButtonStatus" time="26.367"/>
  <system-out/>
</testsuite> <!-- verificationUsingTestNG.RadioButtonValidaton -->
