<?xml version="1.0" encoding="UTF-8"?>
<!-- Generated by org.testng.reporters.JUnitReportReporter -->
<testsuite hostname="DESKTOP-41MJ5DA" failures="0" tests="2" name="testNG_KeyWords.TimeOut" time="0.269" errors="0" timestamp="2022-12-30T15:22:52 IST" skipped="0">
  <testcase classname="testNG_KeyWords.TimeOut" name="a" time="0.145"/>
  <system-out>
    <![CDATA[TC a is running]]>
  </system-out>
  <testcase classname="testNG_KeyWords.TimeOut" name="b" time="0.124"/>
  <system-out>
    <![CDATA[TC b is running]]>
  </system-out>
</testsuite> <!-- testNG_KeyWords.TimeOut -->
