<?xml version="1.0" encoding="UTF-8"?>
<!-- Generated by org.testng.reporters.JUnitReportReporter -->
<testsuite hostname="DESKTOP-41MJ5DA" failures="0" tests="2" name="testNG_Annotations.BeforeClassUse" time="0.015" errors="0" timestamp="2022-12-25T14:55:26 IST" skipped="0">
  <testcase classname="testNG_Annotations.BeforeClassUse" name="TC1" time="0.011"/>
  <system-out>
    <![CDATA[TC1 is running]]>
  </system-out>
  <testcase classname="testNG_Annotations.BeforeClassUse" name="TC2" time="0.004"/>
  <system-out>
    <![CDATA[TC2 is running]]>
  </system-out>
</testsuite> <!-- testNG_Annotations.BeforeClassUse -->
