<?xml version="1.0" encoding="UTF-8"?>
<!-- Generated by org.testng.reporters.JUnitReportReporter -->
<testsuite hostname="DESKTOP-41MJ5DA" failures="0" tests="1" name="neoStoxPOMClasses.VerificationOfUserName" time="23.539" errors="0" timestamp="2023-01-08T15:31:13 IST" skipped="0">
  <testcase classname="neoStoxPOMClasses.VerificationOfUserName" name="ValidateUserName" time="23.539"/>
  <system-out>
    <![CDATA[Actual user name is Hi Prafulla Patil
Validating user name]]>
  </system-out>
</testsuite> <!-- neoStoxPOMClasses.VerificationOfUserName -->
