<?xml version="1.0" encoding="UTF-8"?>
<!-- Generated by org.testng.reporters.JUnitReportReporter -->
<testsuite hostname="DESKTOP-41MJ5DA" failures="0" tests="1" name="testNG_Study.Ex1TestNG" time="20.913" errors="0" timestamp="2023-01-19T15:48:21 IST" skipped="0">
  <testcase classname="testNG_Study.Ex1TestNG" name="KiteLogIn" time="20.913"/>
  <system-out>
    <![CDATA[Hii this reporter statement visible only on Emailable report.
Hiii]]>
  </system-out>
</testsuite> <!-- testNG_Study.Ex1TestNG -->
