<?xml version="1.0" encoding="UTF-8"?>
<!-- Generated by org.testng.reporters.JUnitReportReporter -->
<testsuite hostname="DESKTOP-41MJ5DA" failures="0" tests="2" name="TestNG_SerialParaller.MyTest_1" time="102.518" errors="0" timestamp="2022-12-30T19:54:40 IST" skipped="0">
  <testcase classname="TestNG_SerialParaller.MyTest_1" name="google" time="46.287"/>
  <system-out/>
  <testcase classname="TestNG_SerialParaller.MyTest_1" name="google" time="56.231"/>
  <system-out/>
</testsuite> <!-- TestNG_SerialParaller.MyTest_1 -->
