<?xml version="1.0" encoding="UTF-8"?>
<!-- Generated by org.testng.reporters.JUnitReportReporter -->
<testsuite hostname="DESKTOP-41MJ5DA" failures="0" tests="2" name="testNG_xmlStudy.NeoStox1" time="0.017" errors="0" timestamp="2023-01-18T09:19:56 IST" skipped="0">
  <testcase classname="testNG_xmlStudy.NeoStox1" name="b" time="0.005"/>
  <system-out>
    <![CDATA[TC b is running]]>
  </system-out>
  <testcase classname="testNG_xmlStudy.NeoStox1" name="a" time="0.012"/>
  <system-out>
    <![CDATA[TC a is running]]>
  </system-out>
</testsuite> <!-- testNG_xmlStudy.NeoStox1 -->
