<?xml version="1.0" encoding="UTF-8"?>
<!-- Generated by org.testng.reporters.JUnitReportReporter -->
<testsuite hostname="DESKTOP-41MJ5DA" failures="0" tests="1" name="testNG_xmlStudy.NeoStox3" time="0.015" errors="0" timestamp="2023-01-19T15:47:45 IST" skipped="0">
  <testcase classname="testNG_xmlStudy.NeoStox3" name="c" time="0.015"/>
  <system-out>
    <![CDATA[TC c is running]]>
  </system-out>
</testsuite> <!-- testNG_xmlStudy.NeoStox3 -->
