<?xml version="1.0" encoding="UTF-8"?>
<!-- Generated by org.testng.reporters.JUnitReportReporter -->
<testsuite hostname="DESKTOP-41MJ5DA" failures="0" tests="2" name="testNG_xmlStudy.NeoStox2" time="0.015" errors="0" timestamp="2023-01-19T15:47:19 IST" skipped="0">
  <testcase classname="testNG_xmlStudy.NeoStox2" name="g" time="0.014"/>
  <system-out>
    <![CDATA[TC g is running]]>
  </system-out>
  <testcase classname="testNG_xmlStudy.NeoStox2" name="i" time="0.001"/>
  <system-out>
    <![CDATA[TC i is running]]>
  </system-out>
</testsuite> <!-- testNG_xmlStudy.NeoStox2 -->
