<?xml version="1.0" encoding="UTF-8"?>
<!-- Generated by org.testng.reporters.JUnitReportReporter -->
<testsuite hostname="DESKTOP-41MJ5DA" failures="0" tests="4" name="testNG_KeyWords.Enabled" time="0.041" errors="0" timestamp="2022-12-28T18:45:35 IST" skipped="2">
  <testcase classname="testNG_KeyWords.Enabled" name="a" time="0.038"/>
  <system-out>
    <![CDATA[TC a is running]]>
  </system-out>
  <testcase classname="testNG_KeyWords.Enabled" name="c" time="0.003"/>
  <system-out>
    <![CDATA[TC c is running]]>
  </system-out>
  <testcase classname="testNG_KeyWords.Enabled" name="b">
    <skipped/>
  </testcase> <!-- b -->
  <system-out/>
  <testcase classname="testNG_KeyWords.Enabled" name="d">
    <skipped/>
  </testcase> <!-- d -->
  <system-out/>
</testsuite> <!-- testNG_KeyWords.Enabled -->
