<?xml version="1.0" encoding="UTF-8"?>
<!-- Generated by org.testng.reporters.JUnitReportReporter -->
<testsuite hostname="DESKTOP-41MJ5DA" failures="0" tests="4" name="testNG_Annotations.InvocationCount" time="0.067" errors="0" timestamp="2022-12-25T14:28:25 IST" skipped="0">
  <testcase classname="testNG_Annotations.InvocationCount" name="myTest" time="0.030"/>
  <system-out>
    <![CDATA[My Test is running]]>
  </system-out>
  <testcase classname="testNG_Annotations.InvocationCount" name="myTest" time="0.009"/>
  <system-out>
    <![CDATA[My Test is running]]>
  </system-out>
  <testcase classname="testNG_Annotations.InvocationCount" name="myTest" time="0.022"/>
  <system-out>
    <![CDATA[My Test is running]]>
  </system-out>
  <testcase classname="testNG_Annotations.InvocationCount" name="myTest" time="0.006"/>
  <system-out>
    <![CDATA[My Test is running]]>
  </system-out>
</testsuite> <!-- testNG_Annotations.InvocationCount -->
