<?xml version="1.0" encoding="UTF-8"?>
<!-- Generated by org.testng.reporters.JUnitReportReporter -->
<testsuite hostname="DESKTOP-41MJ5DA" failures="0" tests="1" name="geckoDriverStudy.geckoDriver" time="43.987" errors="0" timestamp="2022-12-30T19:31:57 IST" skipped="0">
  <testcase classname="geckoDriverStudy.geckoDriver" name="fireFoxStudy" time="43.987"/>
  <system-out/>
</testsuite> <!-- geckoDriverStudy.geckoDriver -->
